{"C:\\Users\\USER\\Documents\\React Projects\\ChatAppPrivate\\backend\\src\\lib\\db.js": {"path":"C:\\Users\\USER\\Documents\\React Projects\\ChatAppPrivate\\backend\\src\\lib\\db.js","statementMap":{"0":{"start":{"line":4,"column":25},"end":{"line":12,"column":1}},"1":{"start":{"line":5,"column":2},"end":{"line":11,"column":3}},"2":{"start":{"line":6,"column":17},"end":{"line":6,"column":62}},"3":{"start":{"line":7,"column":4},"end":{"line":7,"column":66}},"4":{"start":{"line":9,"column":4},"end":{"line":9,"column":61}},"5":{"start":{"line":10,"column":4},"end":{"line":10,"column":53}}},"fnMap":{"0":{"name":"(anonymous_0)","decl":{"start":{"line":4,"column":25},"end":{"line":4,"column":26}},"loc":{"start":{"line":4,"column":37},"end":{"line":12,"column":1}},"line":4}},"branchMap":{},"s":{"0":1,"1":1,"2":1,"3":1,"4":0,"5":0},"f":{"0":1},"b":{},"_coverageSchema":"1a1c01bbd47fc00a2c39e90264f33305004495a9","hash":"e7a5d9e1958c6e6acb013ec977d50fee626cae73"}
,"C:\\Users\\USER\\Documents\\React Projects\\ChatAppPrivate\\backend\\src\\lib\\logger.js": {"path":"C:\\Users\\USER\\Documents\\React Projects\\ChatAppPrivate\\backend\\src\\lib\\logger.js","statementMap":{"0":{"start":{"line":6,"column":15},"end":{"line":6,"column":21}},"1":{"start":{"line":7,"column":0},"end":{"line":9,"column":1}},"2":{"start":{"line":8,"column":2},"end":{"line":8,"column":23}},"3":{"start":{"line":11,"column":0},"end":{"line":11,"column":54}},"4":{"start":{"line":12,"column":43},"end":{"line":12,"column":57}},"5":{"start":{"line":14,"column":22},"end":{"line":36,"column":2}}},"fnMap":{},"branchMap":{"0":{"loc":{"start":{"line":7,"column":0},"end":{"line":9,"column":1}},"type":"if","locations":[{"start":{"line":7,"column":0},"end":{"line":9,"column":1}},{"start":{},"end":{}}],"line":7},"1":{"loc":{"start":{"line":15,"column":9},"end":{"line":15,"column":40}},"type":"binary-expr","locations":[{"start":{"line":15,"column":9},"end":{"line":15,"column":30}},{"start":{"line":15,"column":34},"end":{"line":15,"column":40}}],"line":15}},"s":{"0":1,"1":1,"2":0,"3":1,"4":1,"5":1},"f":{},"b":{"0":[0,1],"1":[1,0]},"_coverageSchema":"1a1c01bbd47fc00a2c39e90264f33305004495a9","hash":"f7c63421dc25ca5da809785b2619c4d316127930"}
,"C:\\Users\\USER\\Documents\\React Projects\\ChatAppPrivate\\backend\\src\\models\\user.model.js": {"path":"C:\\Users\\USER\\Documents\\React Projects\\ChatAppPrivate\\backend\\src\\models\\user.model.js","statementMap":{"0":{"start":{"line":3,"column":19},"end":{"line":25,"column":1}},"1":{"start":{"line":27,"column":13},"end":{"line":27,"column":47}}},"fnMap":{},"branchMap":{},"s":{"0":1,"1":1},"f":{},"b":{},"_coverageSchema":"1a1c01bbd47fc00a2c39e90264f33305004495a9","hash":"93c178b4692fb5b08abb9950fa2a2f077ab12d74"}
}
